[2020-09-29 10:13:56,932] - [run_test.py --> line:11] - [INFO] : [---------------------------------------测试开始---------------------------------------]
[2020-09-29 10:13:57,184] - [run_test.py --> line:29] - [INFO] : [---------------------------------------测试结束---------------------------------------]
[2020-09-29 10:17:06,219] - [run_test.py --> line:11] - [INFO] : [---------------------------------------测试开始---------------------------------------]
[2020-09-29 10:17:06,509] - [run_test.py --> line:29] - [INFO] : [---------------------------------------测试结束---------------------------------------]
[2020-09-29 10:20:09,103] - [run_test.py --> line:11] - [INFO] : [---------------------------------------测试开始---------------------------------------]
[2020-09-29 10:20:09,266] - [run_test.py --> line:29] - [INFO] : [---------------------------------------测试结束---------------------------------------]
[2020-09-29 10:21:09,362] - [run_test.py --> line:11] - [INFO] : [---------------------------------------测试开始---------------------------------------]
[2020-09-29 10:21:09,516] - [run_test.py --> line:29] - [INFO] : [---------------------------------------测试结束---------------------------------------]
[2020-09-29 10:21:26,387] - [run_test.py --> line:11] - [INFO] : [---------------------------------------测试开始---------------------------------------]
[2020-09-29 10:21:26,538] - [run_test.py --> line:29] - [INFO] : [---------------------------------------测试结束---------------------------------------]
[2020-09-29 10:21:41,259] - [run_test.py --> line:11] - [INFO] : [---------------------------------------测试开始---------------------------------------]
[2020-09-29 10:21:41,410] - [run_test.py --> line:29] - [INFO] : [---------------------------------------测试结束---------------------------------------]
[2020-09-29 10:50:51,458] - [run_test.py --> line:11] - [INFO] : [---------------------------------------测试开始---------------------------------------]
[2020-09-29 10:50:51,671] - [run_test.py --> line:29] - [INFO] : [---------------------------------------测试结束---------------------------------------]
[2020-09-29 10:52:04,912] - [run_test.py --> line:11] - [INFO] : [---------------------------------------测试开始---------------------------------------]
[2020-09-29 10:52:05,134] - [run_test.py --> line:29] - [INFO] : [---------------------------------------测试结束---------------------------------------]
[2020-09-29 10:54:23,356] - [run_test.py --> line:11] - [INFO] : [---------------------------------------测试开始---------------------------------------]
[2020-09-29 10:56:06,728] - [run_test.py --> line:11] - [INFO] : [---------------------------------------测试开始---------------------------------------]
[2020-09-29 10:57:57,142] - [run_test.py --> line:29] - [INFO] : [---------------------------------------测试结束---------------------------------------]
[2020-09-29 11:00:06,778] - [run_test.py --> line:11] - [INFO] : [---------------------------------------测试开始---------------------------------------]
[2020-09-29 11:00:07,137] - [test_verify_tuia.py --> line:72] - [INFO] : [{'timestamp': '2020-09-29 03:00:07', 'status': 400, 'error': 'Bad Request', 'message': '', 'path': '/ssp-svr/ssp/pv'}]
[2020-09-29 11:00:07,138] - [run_test.py --> line:29] - [INFO] : [---------------------------------------测试结束---------------------------------------]
[2020-09-29 11:00:56,143] - [run_test.py --> line:11] - [INFO] : [---------------------------------------测试开始---------------------------------------]
[2020-09-29 11:00:56,428] - [test_verify_tuia.py --> line:72] - [INFO] : [{'timestamp': '2020-09-29 03:00:56', 'status': 404, 'error': 'Not Found', 'message': '', 'path': '/ssp-svr/ssp/pv&did=16355763'}]
[2020-09-29 11:00:56,429] - [run_test.py --> line:29] - [INFO] : [---------------------------------------测试结束---------------------------------------]
[2020-09-29 11:03:36,636] - [run_test.py --> line:11] - [INFO] : [---------------------------------------测试开始---------------------------------------]
[2020-09-29 11:03:36,853] - [test_verify_tuia.py --> line:71] - [INFO] : [http://svr.ssp.paimei.com/ssp-svr/ssp/pv&did=16355763]
[2020-09-29 11:03:36,922] - [test_verify_tuia.py --> line:73] - [INFO] : [{'timestamp': '2020-09-29 03:03:37', 'status': 404, 'error': 'Not Found', 'message': '', 'path': '/ssp-svr/ssp/pv&did=16355763'}]
[2020-09-29 11:03:36,922] - [run_test.py --> line:29] - [INFO] : [---------------------------------------测试结束---------------------------------------]
[2020-09-29 11:04:13,565] - [run_test.py --> line:11] - [INFO] : [---------------------------------------测试开始---------------------------------------]
[2020-09-29 11:04:13,804] - [test_verify_tuia.py --> line:71] - [INFO] : [http://svr.ssp.paimei.com/ssp-svr/ssp/pv?deid=556702&crid=52535&pid=4501&uuid=JHdQhqH53NGJJWIv8m87&did=16355763]
[2020-09-29 11:04:13,877] - [test_verify_tuia.py --> line:73] - [INFO] : [{'code': 0, 'data': None, 'msg': '操作成功'}]
[2020-09-29 11:04:13,878] - [run_test.py --> line:29] - [INFO] : [---------------------------------------测试结束---------------------------------------]
[2020-09-29 11:06:00,613] - [run_test.py --> line:11] - [INFO] : [---------------------------------------测试开始---------------------------------------]
[2020-09-29 11:06:00,918] - [run_test.py --> line:29] - [INFO] : [---------------------------------------测试结束---------------------------------------]
[2020-09-29 11:08:04,895] - [run_test.py --> line:11] - [INFO] : [---------------------------------------测试开始---------------------------------------]
[2020-09-29 11:08:05,184] - [test_verify_tuia.py --> line:72] - [INFO] : [{'code': 0, 'data': None, 'msg': '操作成功'}]
[2020-09-29 11:08:05,455] - [test_verify_tuia.py --> line:79] - [INFO] : [{'code': '0', 'desc': '成功', 'data': {'activityUrl': 'https://engine.lvehaisen.com/index/activity?appKey=3FWzuHrXtTzCqiSyhKQufHgnoKhG&adslotId=363031&userFromType=1&sckId=19386&sckFromType=0&newApiRid=0ad0795bkfm866x2-3114249', 'imageUrl': 'https://yun.tuitiger.com/mami-media/img/k2dqdtniw6.gif', 'sckId': 19386, 'reportClickUrl': 'https://engine.lvehaisen.com/index/image/log?logType=1&userFromType=1&sckId=19386&imageLogId=aea5b1b8770e80364c8b82627cf208dc&sckFromType=0&adslotId=363031&newApiRid=0ad0795bkfm866x2-3114249&appKey=3FWzuHrXtTzCqiSyhKQufHgnoKhG', 'reportExposureUrl': 'https://engine.lvehaisen.com/index/image/log?logType=0&userFromType=1&sckId=19386&imageLogId=aea5b1b8770e80364c8b82627cf208dc&sckFromType=0&adslotId=363031&newApiRid=0ad0795bkfm866x2-3114249&appKey=3FWzuHrXtTzCqiSyhKQufHgnoKhG', 'extTitle': None, 'extDesc': None, 'size': '640*150', 'isVisibleOfIcon': False, 'isVisibleOfCloseButton': False, 'isSdkType': True}, 'success': True}]
[2020-09-29 11:08:05,456] - [run_test.py --> line:29] - [INFO] : [---------------------------------------测试结束---------------------------------------]
[2020-09-29 11:09:39,276] - [run_test.py --> line:11] - [INFO] : [---------------------------------------测试开始---------------------------------------]
[2020-09-29 11:09:39,586] - [test_verify_tuia.py --> line:72] - [INFO] : [{'code': 0, 'data': None, 'msg': '操作成功'}]
[2020-09-29 11:09:39,753] - [test_verify_tuia.py --> line:79] - [INFO] : [{'code': '0', 'desc': '成功', 'data': {'activityUrl': 'https://engine.lvehaisen.com/index/activity?appKey=3FWzuHrXtTzCqiSyhKQufHgnoKhG&adslotId=363031&userFromType=1&sckId=17153&sckFromType=0&newApiRid=0acc62bdkfm8e702-3091886', 'imageUrl': 'https://yun.tuitiger.com/mami-media/img/h53gc6k7c4.gif', 'sckId': 17153, 'reportClickUrl': 'https://engine.lvehaisen.com/index/image/log?logType=1&userFromType=1&sckId=17153&imageLogId=9ee58a0621f95ef0c148b0198e2be317&sckFromType=0&adslotId=363031&newApiRid=0acc62bdkfm8e702-3091886&appKey=3FWzuHrXtTzCqiSyhKQufHgnoKhG', 'reportExposureUrl': 'https://engine.lvehaisen.com/index/image/log?logType=0&userFromType=1&sckId=17153&imageLogId=9ee58a0621f95ef0c148b0198e2be317&sckFromType=0&adslotId=363031&newApiRid=0acc62bdkfm8e702-3091886&appKey=3FWzuHrXtTzCqiSyhKQufHgnoKhG', 'extTitle': None, 'extDesc': None, 'size': '640*150', 'isVisibleOfIcon': False, 'isVisibleOfCloseButton': False, 'isSdkType': True}, 'success': True}]
[2020-09-29 11:09:39,754] - [run_test.py --> line:29] - [INFO] : [---------------------------------------测试结束---------------------------------------]
[2020-09-29 11:09:42,979] - [run_test.py --> line:11] - [INFO] : [---------------------------------------测试开始---------------------------------------]
[2020-09-29 11:09:43,274] - [test_verify_tuia.py --> line:72] - [INFO] : [{'code': 0, 'data': None, 'msg': '操作成功'}]
[2020-09-29 11:09:43,443] - [test_verify_tuia.py --> line:79] - [INFO] : [{'code': '0', 'desc': '成功', 'data': {'activityUrl': 'https://engine.lvehaisen.com/index/activity?appKey=3FWzuHrXtTzCqiSyhKQufHgnoKhG&adslotId=363031&userFromType=1&sckId=360&sckFromType=0&newApiRid=0ad0ad58kfm81uc2-3129365', 'imageUrl': 'https://yun.tuitiger.com/mami-media/img/dscwi89tuc.png', 'sckId': 360, 'reportClickUrl': 'https://engine.lvehaisen.com/index/image/log?logType=1&userFromType=1&sckId=360&imageLogId=396337949c95f1707ec82138f2e4b857&sckFromType=0&adslotId=363031&newApiRid=0ad0ad58kfm81uc2-3129365&appKey=3FWzuHrXtTzCqiSyhKQufHgnoKhG', 'reportExposureUrl': 'https://engine.lvehaisen.com/index/image/log?logType=0&userFromType=1&sckId=360&imageLogId=396337949c95f1707ec82138f2e4b857&sckFromType=0&adslotId=363031&newApiRid=0ad0ad58kfm81uc2-3129365&appKey=3FWzuHrXtTzCqiSyhKQufHgnoKhG', 'extTitle': None, 'extDesc': None, 'size': '640*150', 'isVisibleOfIcon': False, 'isVisibleOfCloseButton': False, 'isSdkType': True}, 'success': True}]
[2020-09-29 11:09:43,444] - [run_test.py --> line:29] - [INFO] : [---------------------------------------测试结束---------------------------------------]
[2020-09-29 11:09:47,035] - [run_test.py --> line:11] - [INFO] : [---------------------------------------测试开始---------------------------------------]
[2020-09-29 11:09:47,303] - [test_verify_tuia.py --> line:72] - [INFO] : [{'code': 0, 'data': None, 'msg': '操作成功'}]
[2020-09-29 11:09:47,477] - [test_verify_tuia.py --> line:79] - [INFO] : [{'code': '0', 'desc': '成功', 'data': {'activityUrl': 'https://engine.lvehaisen.com/index/activity?appKey=3FWzuHrXtTzCqiSyhKQufHgnoKhG&adslotId=363031&userFromType=1&sckId=18950&sckFromType=0&newApiRid=0acd035ckfm820na-3126306', 'imageUrl': 'https://yun.tuitiger.com/mami-media/img/hoesmyfccz.gif', 'sckId': 18950, 'reportClickUrl': 'https://engine.lvehaisen.com/index/image/log?logType=1&userFromType=1&sckId=18950&imageLogId=1cb899b22c51defd1b2ae13ebeffc279&sckFromType=0&adslotId=363031&newApiRid=0acd035ckfm820na-3126306&appKey=3FWzuHrXtTzCqiSyhKQufHgnoKhG', 'reportExposureUrl': 'https://engine.lvehaisen.com/index/image/log?logType=0&userFromType=1&sckId=18950&imageLogId=1cb899b22c51defd1b2ae13ebeffc279&sckFromType=0&adslotId=363031&newApiRid=0acd035ckfm820na-3126306&appKey=3FWzuHrXtTzCqiSyhKQufHgnoKhG', 'extTitle': None, 'extDesc': None, 'size': '640*150', 'isVisibleOfIcon': False, 'isVisibleOfCloseButton': False, 'isSdkType': True}, 'success': True}]
[2020-09-29 11:09:47,478] - [run_test.py --> line:29] - [INFO] : [---------------------------------------测试结束---------------------------------------]
[2020-09-29 11:33:19,540] - [run_test.py --> line:11] - [INFO] : [---------------------------------------测试开始---------------------------------------]
[2020-09-29 11:33:19,856] - [test_verify_tuia.py --> line:72] - [INFO] : [{'code': 0, 'data': None, 'msg': '操作成功'}]
[2020-09-29 11:33:20,100] - [test_verify_tuia.py --> line:79] - [INFO] : [{'code': '0', 'desc': '成功', 'data': {'activityUrl': 'https://engine.lvehaisen.com/index/activity?appKey=3FWzuHrXtTzCqiSyhKQufHgnoKhG&adslotId=363031&userFromType=1&sckId=19386&sckFromType=0&newApiRid=0accfa35kfm8mbmy-3147971', 'imageUrl': 'https://yun.tuitiger.com/mami-media/img/k2dqdtniw6.gif', 'sckId': 19386, 'reportClickUrl': 'https://engine.lvehaisen.com/index/image/log?logType=1&userFromType=1&sckId=19386&imageLogId=ad15f8def61863b429c18d8f74321fb3&sckFromType=0&adslotId=363031&newApiRid=0accfa35kfm8mbmy-3147971&appKey=3FWzuHrXtTzCqiSyhKQufHgnoKhG', 'reportExposureUrl': 'https://engine.lvehaisen.com/index/image/log?logType=0&userFromType=1&sckId=19386&imageLogId=ad15f8def61863b429c18d8f74321fb3&sckFromType=0&adslotId=363031&newApiRid=0accfa35kfm8mbmy-3147971&appKey=3FWzuHrXtTzCqiSyhKQufHgnoKhG', 'extTitle': None, 'extDesc': None, 'size': '640*150', 'isVisibleOfIcon': False, 'isVisibleOfCloseButton': False, 'isSdkType': True}, 'success': True}]
[2020-09-29 11:33:20,102] - [run_test.py --> line:29] - [INFO] : [---------------------------------------测试结束---------------------------------------]
[2020-09-29 11:33:58,993] - [run_test.py --> line:11] - [INFO] : [---------------------------------------测试开始---------------------------------------]
[2020-09-29 11:33:59,314] - [test_verify_tuia.py --> line:72] - [INFO] : [{'code': 0, 'data': None, 'msg': '操作成功'}]
[2020-09-29 11:33:59,315] - [run_test.py --> line:29] - [INFO] : [---------------------------------------测试结束---------------------------------------]
[2020-09-29 15:38:52,313] - [run_test.py --> line:12] - [INFO] : [---------------------------------------测试开始---------------------------------------]
[2020-09-29 15:38:52,506] - [run_test.py --> line:31] - [INFO] : [---------------------------------------测试结束---------------------------------------]
[2020-09-29 15:41:02,497] - [run_test.py --> line:12] - [INFO] : [---------------------------------------测试开始---------------------------------------]
[2020-09-29 15:41:02,777] - [run_test.py --> line:31] - [INFO] : [---------------------------------------测试结束---------------------------------------]
[2020-09-29 15:43:13,274] - [run_test.py --> line:12] - [INFO] : [---------------------------------------测试开始---------------------------------------]
[2020-09-29 15:43:13,575] - [run_test.py --> line:31] - [INFO] : [---------------------------------------测试结束---------------------------------------]
[2020-09-29 15:43:44,167] - [run_test.py --> line:12] - [INFO] : [---------------------------------------测试开始---------------------------------------]
[2020-09-29 15:43:44,376] - [test_login2.py --> line:49] - [INFO] : [{'code': 53, 'errorMsg': '%E6%82%A8%E8%AE%BF%E9%97%AE%E8%BF%87%E9%A2%91%E7%B9%81'}]
[2020-09-29 15:43:44,376] - [run_test.py --> line:31] - [INFO] : [---------------------------------------测试结束---------------------------------------]
[2020-09-29 15:44:52,054] - [run_test.py --> line:12] - [INFO] : [---------------------------------------测试开始---------------------------------------]
[2020-09-29 15:44:52,222] - [run_test.py --> line:31] - [INFO] : [---------------------------------------测试结束---------------------------------------]
[2020-09-29 15:46:25,600] - [run_test.py --> line:12] - [INFO] : [---------------------------------------测试开始---------------------------------------]
[2020-09-29 15:46:25,759] - [test_login2.py --> line:48] - [INFO] : [{'cid': 'mk1099', 'mac': '16QNQ0KJL0946066518', 'platform': 'distribute', 's_access': '4G', 's_browser': 'iphone', 's_device_brand': 'iPhone', 's_device_id': '16QNQ0KJL0946066518', 's_os_version': 'iOS13.23', 's_pid': 'H5WEB', 's_spid': 'mk1099', 'sex': '1', 't': 1601365585759, 'version': '3.0.0'}]
[2020-09-29 15:46:25,760] - [run_test.py --> line:31] - [INFO] : [---------------------------------------测试结束---------------------------------------]
[2020-09-29 15:47:19,559] - [run_test.py --> line:12] - [INFO] : [---------------------------------------测试开始---------------------------------------]
[2020-09-29 15:47:19,701] - [test_login2.py --> line:48] - [INFO] : [{'cid': 'mk1099', 'mac': '16QNQ0KJL0946066518', 'platform': 'distribute', 's_access': '4G', 's_browser': 'iphone', 's_device_brand': 'iPhone', 's_device_id': '16QNQ0KJL0946066518', 's_os_version': 'iOS13.23', 's_pid': 'H5WEB', 's_spid': 'mk1099', 'sex': '1', 't': '1601365639701', 'version': '3.0.0'}]
[2020-09-29 15:47:19,765] - [test_login2.py --> line:52] - [INFO] : [{'code': 53, 'errorMsg': '%E6%82%A8%E8%AE%BF%E9%97%AE%E8%BF%87%E9%A2%91%E7%B9%81'}]
[2020-09-29 15:47:19,765] - [run_test.py --> line:31] - [INFO] : [---------------------------------------测试结束---------------------------------------]
[2020-09-29 15:47:57,779] - [run_test.py --> line:12] - [INFO] : [---------------------------------------测试开始---------------------------------------]
[2020-09-29 15:47:57,919] - [test_login2.py --> line:48] - [INFO] : [{'cid': 'mk1099', 'mac': '16QNQ0KJL0946066518', 'platform': 'distribute', 's_access': '4G', 's_browser': 'iphone', 's_device_brand': 'iPhone', 's_device_id': '16QNQ0KJL0946066518', 's_os_version': 'iOS13.23', 's_pid': 'H5WEB', 's_spid': 'mk1099', 'sex': '1', 't': '1601365677919', 'version': '3.0.0'}]
[2020-09-29 15:47:57,976] - [test_login2.py --> line:52] - [INFO] : [{'code': 53, 'errorMsg': '%E6%82%A8%E8%AE%BF%E9%97%AE%E8%BF%87%E9%A2%91%E7%B9%81'}]
[2020-09-29 15:47:57,977] - [run_test.py --> line:31] - [INFO] : [---------------------------------------测试结束---------------------------------------]
[2020-09-29 15:53:41,107] - [run_test.py --> line:12] - [INFO] : [---------------------------------------测试开始---------------------------------------]
[2020-09-29 15:53:41,190] - [test_verify_tuia.py --> line:33] - [INFO] : [{'userInfo': {'regTime': '2020-09-24 19:14:29', 'nickName': '阅读爱好者E4ez3', 'sessionid': 'f60fd00008b60600500fe605280008a1', 'userType': '5', 'userid': '16515003', 'headPic': 'http://static.mokayuedu.com/img/headpic/default-male1-3.png', 'phoneNo': ''}, 'code': 1, 'yqInfo': {}, 'isNew': False, 'errorMsg': '%E6%88%90%E5%8A%9F'}]
[2020-09-29 15:53:41,296] - [run_test.py --> line:31] - [INFO] : [---------------------------------------测试结束---------------------------------------]
[2020-09-29 15:53:46,828] - [run_test.py --> line:12] - [INFO] : [---------------------------------------测试开始---------------------------------------]
[2020-09-29 15:53:46,905] - [test_verify_tuia.py --> line:33] - [INFO] : [{'userInfo': {'regTime': '2020-09-24 19:14:29', 'nickName': '阅读爱好者E4ez3', 'sessionid': 'b30fd0000ccd050ff30a740556000811', 'userType': '5', 'userid': '16515003', 'headPic': 'http://static.mokayuedu.com/img/headpic/default-male1-3.png', 'phoneNo': ''}, 'code': 1, 'yqInfo': {}, 'isNew': False, 'errorMsg': '%E6%88%90%E5%8A%9F'}]
[2020-09-29 15:53:46,982] - [run_test.py --> line:31] - [INFO] : [---------------------------------------测试结束---------------------------------------]
[2020-09-29 15:54:24,575] - [run_test.py --> line:12] - [INFO] : [---------------------------------------测试开始---------------------------------------]
[2020-09-29 15:54:24,650] - [test_verify_tuia.py --> line:33] - [INFO] : [{'cid': 'mk1099', 'mac': '16QNQ0KJL0946066518', 'platform': 'distribute', 's_access': '4G', 's_browser': 'iphone', 's_device_brand': 'iPhone', 's_device_id': '16QNQ0KJL0946066518', 's_os_version': 'iOS13.23', 's_pid': 'H5WEB', 's_spid': 'mk1099', 'sex': '1', 't': '1601366064576', 'version': '3.0.0', 'sign': 'F109718C0123491A513E51F56FCFC925'}]
[2020-09-29 15:54:24,651] - [test_verify_tuia.py --> line:34] - [INFO] : [{'userInfo': {'regTime': '2020-09-24 19:14:29', 'nickName': '阅读爱好者E4ez3', 'sessionid': 'a408a00002ea0a13040bf10e220008a1', 'userType': '5', 'userid': '16515003', 'headPic': 'http://static.mokayuedu.com/img/headpic/default-male1-3.png', 'phoneNo': ''}, 'code': 1, 'yqInfo': {}, 'isNew': False, 'errorMsg': '%E6%88%90%E5%8A%9F'}]
[2020-09-29 15:54:24,722] - [run_test.py --> line:31] - [INFO] : [---------------------------------------测试结束---------------------------------------]
[2020-09-29 15:57:33,906] - [run_test.py --> line:12] - [INFO] : [---------------------------------------测试开始---------------------------------------]
[2020-09-29 15:57:33,981] - [test_verify_tuia.py --> line:33] - [INFO] : [{'cid': 'mk1099', 'mac': '16QNQ0KJL0946066518', 'platform': 'distribute', 's_access': '4G', 's_browser': 'iphone', 's_device_brand': 'iPhone', 's_device_id': '16QNQ0KJL0946066518', 's_os_version': 'iOS13.23', 's_pid': 'H5WEB', 's_spid': 'mk1099', 'sex': '1', 't': '1601366253907', 'version': '3.0.0', 'sign': '109F030D7F9F266C5B861218E81D9494'}]
[2020-09-29 15:57:33,982] - [test_verify_tuia.py --> line:34] - [INFO] : [{'userInfo': {'regTime': '2020-09-24 19:14:29', 'nickName': '阅读爱好者E4ez3', 'sessionid': '67079000082b06604a0a4505690008e1', 'userType': '5', 'userid': '16515003', 'headPic': 'http://static.mokayuedu.com/img/headpic/default-male1-3.png', 'phoneNo': ''}, 'code': 1, 'yqInfo': {}, 'isNew': False, 'errorMsg': '%E6%88%90%E5%8A%9F'}]
[2020-09-29 15:57:34,060] - [test_login2.py --> line:49] - [INFO] : [{'cid': 'mk1099', 'mac': '16QNQ0KJL0946066518', 'platform': 'distribute', 's_access': '4G', 's_browser': 'iphone', 's_device_brand': 'iPhone', 's_device_id': '16QNQ0KJL0946066518', 's_os_version': 'iOS13.23', 's_pid': 'H5WEB', 's_spid': 'mk1099', 'sex': '1', 't': '1601366254060', 'version': '3.0.0', 'sign': '7D5675FFB3E728FFEA507BD68F417834'}]
[2020-09-29 15:57:34,128] - [test_login2.py --> line:52] - [INFO] : [{'code': 53, 'errorMsg': '%E6%82%A8%E8%AE%BF%E9%97%AE%E8%BF%87%E9%A2%91%E7%B9%81'}]
[2020-09-29 15:57:34,128] - [run_test.py --> line:31] - [INFO] : [---------------------------------------测试结束---------------------------------------]
